app/build/outputs/logs/manifest-merger-debug-report.txt
-- Merging decision tree log ---
manifest
ADDED from src\main\AndroidManifest.xml:2:1-44:12
	package
		ADDED from src\main\AndroidManifest.xml:3:5-58
		INJECTED from src\main\AndroidManifest.xml
		INJECTED from src\main\AndroidManifest.xml
	android:versionName
		INJECTED from src\main\AndroidManifest.xml
		INJECTED from src\main\AndroidManifest.xml
	xmlns:android
		ADDED from src\main\AndroidManifest.xml:2:11-69
	android:versionCode
		INJECTED from src\main\AndroidManifest.xml
		INJECTED from src\main\AndroidManifest.xml
uses-permission#android.permission.ACCESS_FINE_LOCATION
ADDED from src\main\AndroidManifest.xml:5:5-79
	android:name
		ADDED from src\main\AndroidManifest.xml:5:22-76
uses-feature#android.hardware.camera
ADDED from src\main\AndroidManifest.xml:8:5-10:35
	android:required
		ADDED from src\main\AndroidManifest.xml:10:9-32
	android:name
		ADDED from src\main\AndroidManifest.xml:9:9-47
uses-permission#android.permission.READ_EXTERNAL_STORAGE
ADDED from src\main\AndroidManifest.xml:12:5-80
	android:name
		ADDED from src\main\AndroidManifest.xml:12:22-77
uses-permission#android.permission.WRITE_EXTERNAL_STORAGE
ADDED from src\main\AndroidManifest.xml:13:5-81
	android:name
		ADDED from src\main\AndroidManifest.xml:13:22-78
uses-permission#android.permission.INTERNET
ADDED from src\main\AndroidManifest.xml:14:5-67
MERGED from [com.estimote:sdk:0.9.3] AndroidManifest.xml:13:5-67
	android:name
		ADDED from src\main\AndroidManifest.xml:14:22-64
application
ADDED from src\main\AndroidManifest.xml:16:5-42:19
MERGED from [com.android.support:appcompat-v7:23.0.1] AndroidManifest.xml:22:5-20
MERGED from [com.android.support:support-v4:23.0.1] AndroidManifest.xml:22:5-20
MERGED from [com.android.support:design:23.0.1] AndroidManifest.xml:22:5-20
MERGED from [com.android.support:support-v4:23.0.1] AndroidManifest.xml:22:5-20
MERGED from [com.android.support:appcompat-v7:23.0.1] AndroidManifest.xml:22:5-20
MERGED from [com.android.support:support-v4:23.0.1] AndroidManifest.xml:22:5-20
MERGED from [com.estimote:sdk:0.9.3] AndroidManifest.xml:20:5-24:19
	android:label
		ADDED from src\main\AndroidManifest.xml:20:9-41
	android:supportsRtl
		ADDED from src\main\AndroidManifest.xml:21:9-35
	android:allowBackup
		ADDED from src\main\AndroidManifest.xml:18:9-35
	android:icon
		ADDED from src\main\AndroidManifest.xml:19:9-43
	android:theme
		ADDED from src\main\AndroidManifest.xml:22:9-40
	android:name
		ADDED from src\main\AndroidManifest.xml:17:9-38
activity#com.BeaconsWearhacksGmailCom.BeaconWhereKot.MainActivity
ADDED from src\main\AndroidManifest.xml:23:9-29:20
	android:name
		ADDED from src\main\AndroidManifest.xml:23:19-47
intent-filter#android.intent.action.MAIN+android.intent.category.LAUNCHER
ADDED from src\main\AndroidManifest.xml:24:13-28:29
action#android.intent.action.MAIN
ADDED from src\main\AndroidManifest.xml:25:17-69
	android:name
		ADDED from src\main\AndroidManifest.xml:25:25-66
category#android.intent.category.LAUNCHER
ADDED from src\main\AndroidManifest.xml:27:17-77
	android:name
		ADDED from src\main\AndroidManifest.xml:27:27-74
activity#com.BeaconsWearhacksGmailCom.BeaconWhereKot.DisplayPhotoUploaded
ADDED from src\main\AndroidManifest.xml:30:9-31:20
	android:name
		ADDED from src\main\AndroidManifest.xml:30:19-55
activity#com.BeaconsWearhacksGmailCom.BeaconWhereKot.RulesDisplayActivity
ADDED from src\main\AndroidManifest.xml:32:9-36:20
	android:label
		ADDED from src\main\AndroidManifest.xml:34:13-65
	android:theme
		ADDED from src\main\AndroidManifest.xml:35:13-56
	android:name
		ADDED from src\main\AndroidManifest.xml:33:13-49
activity#com.BeaconsWearhacksGmailCom.BeaconWhereKot.RulesScrolling
ADDED from src\main\AndroidManifest.xml:37:9-41:20
	android:label
		ADDED from src\main\AndroidManifest.xml:39:13-67
	android:theme
		ADDED from src\main\AndroidManifest.xml:40:13-56
	android:name
		ADDED from src\main\AndroidManifest.xml:38:13-43
uses-sdk
INJECTED from src\main\AndroidManifest.xml reason: use-sdk injection requested
MERGED from [com.android.support:appcompat-v7:23.0.1] AndroidManifest.xml:20:5-43
MERGED from [com.android.support:support-v4:23.0.1] AndroidManifest.xml:20:5-43
MERGED from [com.android.support:design:23.0.1] AndroidManifest.xml:20:5-43
MERGED from [com.android.support:support-v4:23.0.1] AndroidManifest.xml:20:5-43
MERGED from [com.android.support:appcompat-v7:23.0.1] AndroidManifest.xml:20:5-43
MERGED from [com.android.support:support-v4:23.0.1] AndroidManifest.xml:20:5-43
MERGED from [com.estimote:sdk:0.9.3] AndroidManifest.xml:7:5-43
	android:targetSdkVersion
		INJECTED from src\main\AndroidManifest.xml
		INJECTED from src\main\AndroidManifest.xml
	android:minSdkVersion
		INJECTED from src\main\AndroidManifest.xml
		INJECTED from src\main\AndroidManifest.xml
uses-permission#android.permission.BLUETOOTH
ADDED from [com.estimote:sdk:0.9.3] AndroidManifest.xml:10:5-68
	android:name
		ADDED from [com.estimote:sdk:0.9.3] AndroidManifest.xml:10:22-65
uses-permission#android.permission.BLUETOOTH_ADMIN
ADDED from [com.estimote:sdk:0.9.3] AndroidManifest.xml:11:5-74
	android:name
		ADDED from [com.estimote:sdk:0.9.3] AndroidManifest.xml:11:22-71
uses-permission#android.permission.ACCESS_NETWORK_STATE
ADDED from [com.estimote:sdk:0.9.3] AndroidManifest.xml:14:5-79
	android:name
		ADDED from [com.estimote:sdk:0.9.3] AndroidManifest.xml:14:22-76
uses-feature#android.hardware.bluetooth_le
ADDED from [com.estimote:sdk:0.9.3] AndroidManifest.xml:16:5-18:36
	android:required
		ADDED from [com.estimote:sdk:0.9.3] AndroidManifest.xml:18:9-33
	android:name
		ADDED from [com.estimote:sdk:0.9.3] AndroidManifest.xml:17:9-53
service#com.estimote.sdk.service.BeaconService
ADDED from [com.estimote:sdk:0.9.3] AndroidManifest.xml:21:9-23:40
	android:exported
		ADDED from [com.estimote:sdk:0.9.3] AndroidManifest.xml:23:13-37
	android:name
		ADDED from [com.estimote:sdk:0.9.3] AndroidManifest.xml:22:13-66